<?xml version="1.0" encoding="UTF-8"?>
<!-- Generated by org.testng.reporters.JUnitXMLReporter -->
<testsuite ignored="0" hostname="DESKTOP-O0NLTGO" failures="1" tests="7" name="Test" time="2.789" errors="0" timestamp="2024-10-02T11:04:58 IST">
  <testcase classname="retrywholeProject_Videio17.TestScriptretryWholeProjectAtOnce" name="FirstName" time="0.012"/>
  <testcase classname="retrywholeProject_Videio17.TestScriptretryWholeProjectAtOnce" name="LastName" time="0.015">
    <skipped/>
  </testcase> <!-- LastName -->
  <testcase classname="retrywholeProject_Videio17.TestScriptretryWholeProjectAtOnce" name="LastName" time="0.002">
    <skipped/>
  </testcase> <!-- LastName -->
  <testcase classname="retrywholeProject_Videio17.TestScriptretryWholeProjectAtOnce" name="LastName" time="0.002">
    <skipped/>
  </testcase> <!-- LastName -->
  <testcase classname="retrywholeProject_Videio17.TestScriptretryWholeProjectAtOnce" name="LastName" time="0.011">
    <skipped/>
  </testcase> <!-- LastName -->
  <testcase classname="retrywholeProject_Videio17.TestScriptretryWholeProjectAtOnce" name="LastName" time="0.001">
    <failure type="java.lang.AssertionError" message="expected [Yadav1] but found [Yadav]">
      <![CDATA[java.lang.AssertionError: expected [Yadav1] but found [Yadav]
at retrywholeProject_Videio17.TestScriptretryWholeProjectAtOnce.LastName(TestScriptretryWholeProjectAtOnce.java:21)
at java.base/java.util.ArrayList.forEach(ArrayList.java:1541)
... Removed 33 stack frames]]>
    </failure>
  </testcase> <!-- LastName -->
  <testcase classname="retrywholeProject_Videio17.TestScriptretryWholeProjectAtOnce" name="doB" time="0.001"/>
</testsuite> <!-- Test -->
